<?xml version="1.0" encoding="UTF-8"?>
<!-- Generated by org.testng.reporters.JUnitReportReporter -->
<testsuite hostname="Rajat" failures="0" tests="1" name="Selenium.Print_All_Links" time="7.133" errors="0" timestamp="2024-11-26T10:42:32 IST" skipped="0">
  <testcase classname="Selenium.Print_All_Links" name="enterURL" time="7.133"/>
  <system-out/>
</testsuite> <!-- Selenium.Print_All_Links -->
