<?xml version="1.0" encoding="UTF-8"?>
<!-- Generated by org.testng.reporters.JUnitReportReporter -->
<testsuite hostname="Rajat" failures="0" tests="1" name="Selenium.Print_Auto_Suggestion" time="9.455" errors="0" timestamp="2024-11-26T10:27:14 IST" skipped="0">
  <testcase classname="Selenium.Print_Auto_Suggestion" name="printAutoSuggestion" time="9.455"/>
  <system-out/>
</testsuite> <!-- Selenium.Print_Auto_Suggestion -->
