<?xml version="1.0" encoding="UTF-8"?>
<!-- Generated by org.testng.reporters.JUnitReportReporter -->
<testsuite hostname="Rajat" failures="0" tests="1" name="Selenium.Alert_Popup" time="5.687" errors="0" timestamp="2024-11-04T15:13:42 IST" skipped="0">
  <testcase classname="Selenium.Alert_Popup" name="handleAlertPopup" time="5.687"/>
  <system-out/>
</testsuite> <!-- Selenium.Alert_Popup -->
