<?xml version="1.0" encoding="UTF-8"?>
<!-- Generated by org.testng.reporters.JUnitReportReporter -->
<testsuite hostname="Rajat" failures="0" tests="1" name="Selenium.ChildWindow_Popup" time="58.380" errors="0" timestamp="2024-11-04T16:29:35 IST" skipped="0">
  <testcase classname="Selenium.ChildWindow_Popup" name="childWindowPopup" time="58.380"/>
  <system-out/>
</testsuite> <!-- Selenium.ChildWindow_Popup -->
