<?xml version="1.0" encoding="UTF-8"?>
<!-- Generated by org.testng.reporters.JUnitReportReporter -->
<testsuite hostname="Rajat" failures="0" tests="1" name="Selenium.Authentication_Popup" time="28.970" errors="0" timestamp="2024-11-04T16:19:25 IST" skipped="0">
  <testcase classname="Selenium.Authentication_Popup" name="authenticatioPopup" time="28.970"/>
  <system-out/>
</testsuite> <!-- Selenium.Authentication_Popup -->
