<?xml version="1.0" encoding="UTF-8"?>
<!-- Generated by org.testng.reporters.JUnitReportReporter -->
<testsuite hostname="Rajat" failures="0" tests="4" name="RestAssuredProgram.RestAPI" time="6.466" errors="0" timestamp="2024-11-19T13:10:34 IST" skipped="0">
  <testcase classname="RestAssuredProgram.RestAPI" name="getRequest" time="3.498"/>
  <system-out/>
  <testcase classname="RestAssuredProgram.RestAPI" name="postRequest" time="1.223"/>
  <system-out/>
  <testcase classname="RestAssuredProgram.RestAPI" name="putRequest" time="1.006"/>
  <system-out/>
  <testcase classname="RestAssuredProgram.RestAPI" name="deleteRequest" time="0.739"/>
  <system-out/>
</testsuite> <!-- RestAssuredProgram.RestAPI -->
