<?xml version="1.0" encoding="UTF-8"?>
<!-- Generated by org.testng.reporters.JUnitReportReporter -->
<testsuite hostname="Rajat" failures="0" tests="1" name="Selenium.Print_All_Options" time="39.759" errors="0" timestamp="2024-11-26T11:04:26 IST" skipped="0">
  <testcase classname="Selenium.Print_All_Options" name="printAllOption" time="39.759"/>
  <system-out/>
</testsuite> <!-- Selenium.Print_All_Options -->
