<?xml version="1.0" encoding="UTF-8"?>
<!-- Generated by org.testng.reporters.JUnitReportReporter -->
<testsuite hostname="Rajat" failures="0" tests="4" name="RestAssuredProgram.RestAPI" time="12.935" errors="0" timestamp="2024-11-17T15:21:29 IST" skipped="0">
  <testcase classname="RestAssuredProgram.RestAPI" name="getRequest" time="6.438"/>
  <system-out/>
  <testcase classname="RestAssuredProgram.RestAPI" name="postRequest" time="2.656"/>
  <system-out/>
  <testcase classname="RestAssuredProgram.RestAPI" name="putRequest" time="2.924"/>
  <system-out/>
  <testcase classname="RestAssuredProgram.RestAPI" name="deleteRequest" time="0.917"/>
  <system-out/>
</testsuite> <!-- RestAssuredProgram.RestAPI -->
