<?xml version="1.0" encoding="UTF-8"?>
<!-- Generated by org.testng.reporters.JUnitReportReporter -->
<testsuite hostname="Rajat" failures="0" tests="5" name="RestAssuredProgram.Typicode" time="8.981" errors="0" timestamp="2024-11-14T18:32:13 IST" skipped="0">
  <testcase classname="RestAssuredProgram.Typicode" name="testGetRequest" time="4.052"/>
  <system-out/>
  <testcase classname="RestAssuredProgram.Typicode" name="testPostRequest" time="1.559"/>
  <system-out/>
  <testcase classname="RestAssuredProgram.Typicode" name="testPutRequest" time="1.028"/>
  <system-out/>
  <testcase classname="RestAssuredProgram.Typicode" name="testPatchRequest" time="1.376"/>
  <system-out/>
  <testcase classname="RestAssuredProgram.Typicode" name="testDeleteRequest" time="0.966"/>
  <system-out/>
</testsuite> <!-- RestAssuredProgram.Typicode -->
