<?xml version="1.0" encoding="UTF-8"?>
<!-- Generated by org.testng.reporters.JUnitReportReporter -->
<testsuite hostname="Rajat" failures="0" tests="1" name="Selenium.Window_Handle" time="66.928" errors="0" timestamp="2024-11-04T13:23:21 IST" skipped="0">
  <testcase classname="Selenium.Window_Handle" name="printAllTitle" time="66.928"/>
  <system-out/>
</testsuite> <!-- Selenium.Window_Handle -->
