<?xml version="1.0" encoding="UTF-8"?>
<!-- Generated by org.testng.reporters.JUnitReportReporter -->
<testsuite hostname="Rajat" failures="0" tests="5" name="RestAssuredProgram.Typicode" time="8.193" errors="0" timestamp="2024-11-03T12:53:10 IST" skipped="0">
  <testcase classname="RestAssuredProgram.Typicode" name="testGetRequest" time="3.993"/>
  <system-out/>
  <testcase classname="RestAssuredProgram.Typicode" name="testPostRequest" time="1.479"/>
  <system-out/>
  <testcase classname="RestAssuredProgram.Typicode" name="testPutRequest" time="0.894"/>
  <system-out/>
  <testcase classname="RestAssuredProgram.Typicode" name="testPatchRequest" time="1.105"/>
  <system-out/>
  <testcase classname="RestAssuredProgram.Typicode" name="testDeleteRequest" time="0.722"/>
  <system-out/>
</testsuite> <!-- RestAssuredProgram.Typicode -->
