<?xml version="1.0" encoding="UTF-8"?>
<!-- Generated by org.testng.reporters.JUnitReportReporter -->
<testsuite hostname="Rajat" failures="0" tests="1" name="Selenium.Print_All_Options" time="42.425" errors="0" timestamp="2024-11-04T13:01:25 IST" skipped="0">
  <testcase classname="Selenium.Print_All_Options" name="printAllOption" time="42.425"/>
  <system-out/>
</testsuite> <!-- Selenium.Print_All_Options -->
