<?xml version="1.0" encoding="UTF-8"?>
<!-- Generated by org.testng.reporters.JUnitReportReporter -->
<testsuite hostname="Rajat" failures="0" tests="1" name="Selenium.PrintAllLinks" time="7.099" errors="0" timestamp="2024-11-04T10:53:27 IST" skipped="0">
  <testcase classname="Selenium.PrintAllLinks" name="enterURL" time="7.099"/>
  <system-out/>
</testsuite> <!-- Selenium.PrintAllLinks -->
