<?xml version="1.0" encoding="UTF-8"?>
<!-- Generated by org.testng.reporters.JUnitReportReporter -->
<testsuite hostname="Rajat" failures="0" tests="1" name="Selenium.Notification_Popup" time="63.091" errors="0" timestamp="2024-11-04T16:06:56 IST" skipped="0">
  <testcase classname="Selenium.Notification_Popup" name="notificationPopup" time="63.091"/>
  <system-out/>
</testsuite> <!-- Selenium.Notification_Popup -->
