<?xml version="1.0" encoding="UTF-8"?>
<!-- Generated by org.testng.reporters.JUnitReportReporter -->
<testsuite hostname="Rajat" failures="0" tests="1" name="Selenium.Print_Popup" time="41.788" errors="0" timestamp="2024-11-04T15:59:02 IST" skipped="0">
  <testcase classname="Selenium.Print_Popup" name="printPopup" time="41.788"/>
  <system-out/>
</testsuite> <!-- Selenium.Print_Popup -->
