<?xml version="1.0" encoding="UTF-8"?>
<!-- Generated by org.testng.reporters.JUnitReportReporter -->
<testsuite hostname="Rajat" failures="0" tests="1" name="Selenium.PrintAutoSuggestion" time="5.028" errors="0" timestamp="2024-11-04T12:35:41 IST" skipped="0">
  <testcase classname="Selenium.PrintAutoSuggestion" name="printAutoSuggestion" time="5.028"/>
  <system-out/>
</testsuite> <!-- Selenium.PrintAutoSuggestion -->
