<?xml version="1.0" encoding="UTF-8"?>
<!-- Generated by org.testng.reporters.JUnitReportReporter -->
<testsuite hostname="Rajat" failures="0" tests="1" name="Selenium.Print_AutoSuggestion" time="5.881" errors="0" timestamp="2024-11-04T12:39:56 IST" skipped="0">
  <testcase classname="Selenium.Print_AutoSuggestion" name="printAutoSuggestion" time="5.881"/>
  <system-out/>
</testsuite> <!-- Selenium.Print_AutoSuggestion -->
